<?xml version="1.0" encoding="UTF-8"?>
<testsuites>
  <testsuite name="hello" timestamp="2024-08-15T21:30:24Z" hostname="02131205d89c" tests="3" skipped="0" failures="0" errors="0" time="0.229">
    <testcase time="0.013" classname="hello" name="hello_works"/>
    <testcase time="0.204" classname="hello" name="hello_cli_works"/>
    <testcase time="0.012" classname="hello" name="fix_me_"/>
  </testsuite>
</testsuites>
